2023-11-28 12:38:10.8393 DEBUG Hosting starting
2023-11-28 12:38:10.9107 INFO User profile is available. Using 'C:\Users\abhil\AppData\Local\ASP.NET\DataProtection-Keys' as key repository and Windows DPAPI to encrypt keys at rest.
2023-11-28 12:38:11.1650 DEBUG Reading data from file 'C:\Users\abhil\AppData\Local\ASP.NET\DataProtection-Keys\key-2e7fde86-e17f-4a4e-97be-24291eb6593d.xml'.
2023-11-28 12:38:11.1650 DEBUG Found key {2e7fde86-e17f-4a4e-97be-24291eb6593d}.
2023-11-28 12:38:11.1833 DEBUG Considering key {2e7fde86-e17f-4a4e-97be-24291eb6593d} with expiration date 2024-02-21 10:14:54Z as default key.
2023-11-28 12:38:11.2189 DEBUG Forwarded activator type request from Microsoft.AspNetCore.DataProtection.XmlEncryption.DpapiXmlDecryptor, Microsoft.AspNetCore.DataProtection, Version=3.1.32.0, Culture=neutral, PublicKeyToken=adb9793829ddae60 to Microsoft.AspNetCore.DataProtection.XmlEncryption.DpapiXmlDecryptor, Microsoft.AspNetCore.DataProtection, Culture=neutral, PublicKeyToken=adb9793829ddae60
2023-11-28 12:38:11.2264 DEBUG Decrypting secret element using Windows DPAPI.
2023-11-28 12:38:11.2264 DEBUG Forwarded activator type request from Microsoft.AspNetCore.DataProtection.AuthenticatedEncryption.ConfigurationModel.AuthenticatedEncryptorDescriptorDeserializer, Microsoft.AspNetCore.DataProtection, Version=3.1.32.0, Culture=neutral, PublicKeyToken=adb9793829ddae60 to Microsoft.AspNetCore.DataProtection.AuthenticatedEncryption.ConfigurationModel.AuthenticatedEncryptorDescriptorDeserializer, Microsoft.AspNetCore.DataProtection, Culture=neutral, PublicKeyToken=adb9793829ddae60
2023-11-28 12:38:11.2264 DEBUG Opening CNG algorithm 'AES' from provider '(null)' with chaining mode CBC.
2023-11-28 12:38:11.2264 DEBUG Opening CNG algorithm 'SHA256' from provider '(null)' with HMAC.
2023-11-28 12:38:11.2264 DEBUG Using key {2e7fde86-e17f-4a4e-97be-24291eb6593d} as the default key.
2023-11-28 12:38:11.2264 DEBUG Key ring with default key {2e7fde86-e17f-4a4e-97be-24291eb6593d} was loaded during application startup.
2023-11-28 12:38:11.2264 DEBUG Starting host: rabbitmq://localhost/
2023-11-28 12:38:11.2850 DEBUG Connect: guest@localhost:5672/
2023-11-28 12:38:11.4689 DEBUG Connected: guest@localhost:5672/ (address: amqp://localhost:5672, local: 64165)
2023-11-28 12:38:11.5594 DEBUG Loaded hosting startup assembly NotesApp
2023-11-28 12:38:11.5594 DEBUG Loaded hosting startup assembly Microsoft.AspNetCore.Watch.BrowserRefresh
2023-11-28 12:38:11.5594 DEBUG Loaded hosting startup assembly Microsoft.WebTools.BrowserLink.Net
2023-11-28 12:38:11.5594 INFO Application started. Press Ctrl+C to shut down.
2023-11-28 12:38:11.5594 INFO Hosting environment: Development
2023-11-28 12:38:11.5594 INFO Content root path: C:\Users\abhil\source\repos\NotesApp\NotesApp
2023-11-28 12:38:11.5594 DEBUG Hosting started
2023-11-28 12:38:11.5858 INFO Request starting HTTP/2.0 GET https://localhost:44310/swagger/index.html  
2023-11-28 12:38:11.6062 DEBUG Wildcard detected, all requests with hosts will be allowed.
2023-11-28 12:38:11.6062 TRACE All hosts are allowed.
2023-11-28 12:38:11.6638 DEBUG AuthenticationScheme: Bearer was not authenticated.
2023-11-28 12:38:11.6993 DEBUG Response markup is scheduled to include browser refresh script injection.
2023-11-28 12:38:11.7717 DEBUG Response markup was updated to include browser refresh script injection.
2023-11-28 12:38:11.7743 INFO Request finished in 188.9673ms 200 text/html;charset=utf-8
2023-11-28 12:38:11.7928 INFO Request starting HTTP/2.0 GET https://localhost:44310/_framework/aspnetcore-browser-refresh.js  
2023-11-28 12:38:11.7928 INFO Request finished in 2.9178ms 200 application/javascript; charset=utf-8
2023-11-28 12:38:11.8048 INFO Request starting HTTP/2.0 GET https://localhost:44310/_vs/browserLink  
2023-11-28 12:38:11.8048 INFO Request finished in 14.9126ms 200 text/javascript; charset=UTF-8
2023-11-28 12:38:11.9609 INFO Request starting HTTP/2.0 GET https://localhost:44310/swagger/v1/swagger.json  
2023-11-28 12:38:11.9609 TRACE All hosts are allowed.
2023-11-28 12:38:11.9609 DEBUG AuthenticationScheme: Bearer was not authenticated.
2023-11-28 12:38:12.0706 INFO Request finished in 109.8687ms 200 application/json;charset=utf-8
2023-11-28 12:38:35.9682 INFO Request starting HTTP/2.0 POST https://localhost:44310/api/User/loginmethod application/json 79
2023-11-28 12:38:35.9682 TRACE All hosts are allowed.
2023-11-28 12:38:35.9682 DEBUG AuthenticationScheme: Bearer was not authenticated.
2023-11-28 12:38:35.9682 DEBUG POST requests are not supported
2023-11-28 12:38:36.0080 DEBUG 1 candidate(s) found for the request path '/api/User/loginmethod'
2023-11-28 12:38:36.0080 DEBUG Endpoint 'NotesApp.Controllers.UserController.login (NotesApp)' with route pattern 'api/User/loginmethod' is valid for the request path '/api/User/loginmethod'
2023-11-28 12:38:36.0080 DEBUG Request matched endpoint 'NotesApp.Controllers.UserController.login (NotesApp)'
2023-11-28 12:38:36.0080 INFO Executing endpoint 'NotesApp.Controllers.UserController.login (NotesApp)'
2023-11-28 12:38:36.0080 DEBUG Registered model binder providers, in the following order: Microsoft.AspNetCore.Mvc.ModelBinding.Binders.BinderTypeModelBinderProvider, Microsoft.AspNetCore.Mvc.ModelBinding.Binders.ServicesModelBinderProvider, Microsoft.AspNetCore.Mvc.ModelBinding.Binders.BodyModelBinderProvider, Microsoft.AspNetCore.Mvc.ModelBinding.Binders.HeaderModelBinderProvider, Microsoft.AspNetCore.Mvc.ModelBinding.Binders.FloatingPointTypeModelBinderProvider, Microsoft.AspNetCore.Mvc.ModelBinding.Binders.EnumTypeModelBinderProvider, Microsoft.AspNetCore.Mvc.ModelBinding.Binders.SimpleTypeModelBinderProvider, Microsoft.AspNetCore.Mvc.ModelBinding.Binders.CancellationTokenModelBinderProvider, Microsoft.AspNetCore.Mvc.ModelBinding.Binders.ByteArrayModelBinderProvider, Microsoft.AspNetCore.Mvc.ModelBinding.Binders.FormFileModelBinderProvider, Microsoft.AspNetCore.Mvc.ModelBinding.Binders.FormCollectionModelBinderProvider, Microsoft.AspNetCore.Mvc.ModelBinding.Binders.KeyValuePairModelBinderProvider, Microsoft.AspNetCore.Mvc.ModelBinding.Binders.DictionaryModelBinderProvider, Microsoft.AspNetCore.Mvc.ModelBinding.Binders.ArrayModelBinderProvider, Microsoft.AspNetCore.Mvc.ModelBinding.Binders.CollectionModelBinderProvider, Microsoft.AspNetCore.Mvc.ModelBinding.Binders.ComplexTypeModelBinderProvider
2023-11-28 12:38:36.0398 INFO Route matched with {action = "login", controller = "User"}. Executing controller action with signature Microsoft.AspNetCore.Mvc.ActionResult login(ModelLayer.Models.LoginModel) on controller NotesApp.Controllers.UserController (NotesApp).
2023-11-28 12:38:36.0398 DEBUG Execution plan of authorization filters (in the following order): None
2023-11-28 12:38:36.0398 DEBUG Execution plan of resource filters (in the following order): None
2023-11-28 12:38:36.0398 DEBUG Execution plan of action filters (in the following order): Microsoft.AspNetCore.Mvc.ModelBinding.UnsupportedContentTypeFilter (Order: -3000), Microsoft.AspNetCore.Mvc.Infrastructure.ModelStateInvalidFilter (Order: -2000)
2023-11-28 12:38:36.0398 DEBUG Execution plan of exception filters (in the following order): None
2023-11-28 12:38:36.0398 DEBUG Execution plan of result filters (in the following order): Microsoft.AspNetCore.Mvc.Infrastructure.ClientErrorResultFilter (Order: -2000)
2023-11-28 12:38:36.0398 DEBUG Executing controller factory for controller NotesApp.Controllers.UserController (NotesApp)
2023-11-28 12:38:36.1678 DEBUG An 'IServiceProvider' was created for internal use by Entity Framework.
2023-11-28 12:38:36.1819 DEBUG Executed controller factory for controller NotesApp.Controllers.UserController (NotesApp)
2023-11-28 12:38:36.1819 DEBUG Attempting to bind parameter 'loginModel' of type 'ModelLayer.Models.LoginModel' ...
2023-11-28 12:38:36.1819 DEBUG Attempting to bind parameter 'loginModel' of type 'ModelLayer.Models.LoginModel' using the name '' in request data ...
2023-11-28 12:38:36.1819 DEBUG Selected input formatter 'Microsoft.AspNetCore.Mvc.Formatters.SystemTextJsonInputFormatter' for content type 'application/json'.
2023-11-28 12:38:36.1968 DEBUG JSON input formatter succeeded, deserializing to type 'ModelLayer.Models.LoginModel'
2023-11-28 12:38:36.1968 DEBUG Done attempting to bind parameter 'loginModel' of type 'ModelLayer.Models.LoginModel'.
2023-11-28 12:38:36.1968 DEBUG Done attempting to bind parameter 'loginModel' of type 'ModelLayer.Models.LoginModel'.
2023-11-28 12:38:36.1968 DEBUG Attempting to validate the bound parameter 'loginModel' of type 'ModelLayer.Models.LoginModel' ...
2023-11-28 12:38:36.1968 DEBUG Done attempting to validate the bound parameter 'loginModel' of type 'ModelLayer.Models.LoginModel'.
2023-11-28 12:38:36.1968 TRACE Action Filter: Before executing OnActionExecuting on filter Microsoft.AspNetCore.Mvc.ModelBinding.UnsupportedContentTypeFilter.
2023-11-28 12:38:36.1968 TRACE Action Filter: After executing OnActionExecuting on filter Microsoft.AspNetCore.Mvc.ModelBinding.UnsupportedContentTypeFilter.
2023-11-28 12:38:36.1968 TRACE Action Filter: Before executing OnActionExecuting on filter Microsoft.AspNetCore.Mvc.Infrastructure.ModelStateInvalidFilter.
2023-11-28 12:38:36.1968 TRACE Action Filter: After executing OnActionExecuting on filter Microsoft.AspNetCore.Mvc.Infrastructure.ModelStateInvalidFilter.
2023-11-28 12:38:36.1968 INFO Executing action method NotesApp.Controllers.UserController.login (NotesApp) - Validation state: Valid
2023-11-28 12:38:36.1968 TRACE Executing action method NotesApp.Controllers.UserController.login (NotesApp) with arguments (ModelLayer.Models.LoginModel)
2023-11-28 12:38:36.1968 INFO Login started
2023-11-28 12:38:36.6629 INFO Entity Framework Core 3.1.0 initialized 'NotesDBContext' using provider 'Microsoft.EntityFrameworkCore.SqlServer' with options: None
2023-11-28 12:38:36.7863 DEBUG queryContext => new QueryingEnumerable<UserEntity>(
    (RelationalQueryContext)queryContext, 
    RelationalCommandCache, 
    null, 
    null, 
    Func<QueryContext, DbDataReader, ResultContext, int[], ResultCoordinator, UserEntity>, 
    RepositoryLayer.Context.NotesDBContext, 
    DiagnosticsLogger<Query>
)
2023-11-28 12:38:36.8024 DEBUG Creating DbCommand for 'ExecuteReader'.
2023-11-28 12:38:36.9316 DEBUG Created DbCommand for 'ExecuteReader' (126ms).
2023-11-28 12:38:36.9316 DEBUG Opening connection to database 'NoteAppDB' on server 'LAPTOP-JDE1S40N\SQLEXPRESS'.
2023-11-28 12:38:37.0911 DEBUG Opened connection to database 'NoteAppDB' on server 'LAPTOP-JDE1S40N\SQLEXPRESS'.
2023-11-28 12:38:37.0911 DEBUG Executing DbCommand [Parameters=[], CommandType='Text', CommandTimeout='30']
SELECT [u].[UserId], [u].[CreatedAt], [u].[Email], [u].[FirstName], [u].[LastName], [u].[Password], [u].[UpdatedAt]
FROM [Users] AS [u]
2023-11-28 12:38:37.1287 INFO Executed DbCommand (33ms) [Parameters=[], CommandType='Text', CommandTimeout='30']
SELECT [u].[UserId], [u].[CreatedAt], [u].[Email], [u].[FirstName], [u].[LastName], [u].[Password], [u].[UpdatedAt]
FROM [Users] AS [u]
2023-11-28 12:38:37.1591 DEBUG Context 'NotesDBContext' started tracking 'UserEntity' entity. Consider using 'DbContextOptionsBuilder.EnableSensitiveDataLogging' to see key values.
2023-11-28 12:38:37.1758 DEBUG Context 'NotesDBContext' started tracking 'UserEntity' entity. Consider using 'DbContextOptionsBuilder.EnableSensitiveDataLogging' to see key values.
2023-11-28 12:38:37.1758 DEBUG Context 'NotesDBContext' started tracking 'UserEntity' entity. Consider using 'DbContextOptionsBuilder.EnableSensitiveDataLogging' to see key values.
2023-11-28 12:38:37.1758 DEBUG Context 'NotesDBContext' started tracking 'UserEntity' entity. Consider using 'DbContextOptionsBuilder.EnableSensitiveDataLogging' to see key values.
2023-11-28 12:38:37.1758 DEBUG Context 'NotesDBContext' started tracking 'UserEntity' entity. Consider using 'DbContextOptionsBuilder.EnableSensitiveDataLogging' to see key values.
2023-11-28 12:38:37.1758 DEBUG Context 'NotesDBContext' started tracking 'UserEntity' entity. Consider using 'DbContextOptionsBuilder.EnableSensitiveDataLogging' to see key values.
2023-11-28 12:38:37.1758 DEBUG Context 'NotesDBContext' started tracking 'UserEntity' entity. Consider using 'DbContextOptionsBuilder.EnableSensitiveDataLogging' to see key values.
2023-11-28 12:38:37.1758 DEBUG A data reader was disposed.
2023-11-28 12:38:37.1809 DEBUG Closing connection to database 'NoteAppDB' on server 'LAPTOP-JDE1S40N\SQLEXPRESS'.
2023-11-28 12:38:37.1809 DEBUG Closed connection to database 'NoteAppDB' on server 'LAPTOP-JDE1S40N\SQLEXPRESS'.
2023-11-28 12:38:37.2844 TRACE login success
2023-11-28 12:38:37.2844 INFO Executed action method NotesApp.Controllers.UserController.login (NotesApp), returned result Microsoft.AspNetCore.Mvc.OkObjectResult in 1079.4569ms.
2023-11-28 12:38:37.2844 TRACE Action Filter: Before executing OnActionExecuted on filter Microsoft.AspNetCore.Mvc.Infrastructure.ModelStateInvalidFilter.
2023-11-28 12:38:37.2844 TRACE Action Filter: After executing OnActionExecuted on filter Microsoft.AspNetCore.Mvc.Infrastructure.ModelStateInvalidFilter.
2023-11-28 12:38:37.2844 TRACE Action Filter: Before executing OnActionExecuted on filter Microsoft.AspNetCore.Mvc.ModelBinding.UnsupportedContentTypeFilter.
2023-11-28 12:38:37.2844 TRACE Action Filter: After executing OnActionExecuted on filter Microsoft.AspNetCore.Mvc.ModelBinding.UnsupportedContentTypeFilter.
2023-11-28 12:38:37.2844 TRACE Result Filter: Before executing OnResultExecuting on filter Microsoft.AspNetCore.Mvc.Infrastructure.ClientErrorResultFilter.
2023-11-28 12:38:37.2844 TRACE Result Filter: After executing OnResultExecuting on filter Microsoft.AspNetCore.Mvc.Infrastructure.ClientErrorResultFilter.
2023-11-28 12:38:37.2896 TRACE Before executing action result Microsoft.AspNetCore.Mvc.OkObjectResult.
2023-11-28 12:38:37.2896 DEBUG List of registered output formatters, in the following order: Microsoft.AspNetCore.Mvc.Formatters.HttpNoContentOutputFormatter, Microsoft.AspNetCore.Mvc.Formatters.StringOutputFormatter, Microsoft.AspNetCore.Mvc.Formatters.StreamOutputFormatter, Microsoft.AspNetCore.Mvc.Formatters.SystemTextJsonOutputFormatter
2023-11-28 12:38:37.2896 DEBUG No information found on request to perform content negotiation.
2023-11-28 12:38:37.2896 DEBUG Attempting to select an output formatter without using a content type as no explicit content types were specified for the response.
2023-11-28 12:38:37.2896 DEBUG Attempting to select the first formatter in the output formatters list which can write the result.
2023-11-28 12:38:37.2896 DEBUG Selected output formatter 'Microsoft.AspNetCore.Mvc.Formatters.SystemTextJsonOutputFormatter' and content type 'application/json' to write the response.
2023-11-28 12:38:37.2896 INFO Executing ObjectResult, writing value of type 'ModelLayer.Models.ResponseModel`1[[System.String, System.Private.CoreLib, Version=4.0.0.0, Culture=neutral, PublicKeyToken=7cec85d7bea7798e]]'.
2023-11-28 12:38:37.2896 TRACE After executing action result Microsoft.AspNetCore.Mvc.OkObjectResult.
2023-11-28 12:38:37.2896 TRACE Result Filter: Before executing OnResultExecuted on filter Microsoft.AspNetCore.Mvc.Infrastructure.ClientErrorResultFilter.
2023-11-28 12:38:37.2896 TRACE Result Filter: After executing OnResultExecuted on filter Microsoft.AspNetCore.Mvc.Infrastructure.ClientErrorResultFilter.
2023-11-28 12:38:37.2896 INFO Executed action NotesApp.Controllers.UserController.login (NotesApp) in 1257.1277ms
2023-11-28 12:38:37.2896 INFO Executed endpoint 'NotesApp.Controllers.UserController.login (NotesApp)'
2023-11-28 12:38:37.2896 DEBUG 'NotesDBContext' disposed.
2023-11-28 12:38:37.3065 INFO Request finished in 1338.7347ms 200 application/json; charset=utf-8
